2017-08-25 17:35:00,002 - INFO - mailServerStudy.py - sendEmail - 181 - {'appId': 'INVOICE', 'attachment': None, 'bcc': None, 'cc': None, 'content': {'applicationId': '123456', 'applicationTime': '2017-08-01'}, 'emailTo': ['1email2918@126.com'], 'templateId': 'invoiceError', 'thirdId': '17081711474677700039', 'title': None}
2017-08-25 17:35:06,156 - INFO - mailServerStudy.py - sendEmail - 181 - {'appId': 'INVOICE', 'attachment': None, 'bcc': None, 'cc': None, 'content': {'applicationId': '123456', 'applicationTime': '2017-08-01'}, 'emailTo': ['email2918@126.com'], 'templateId': 'invoiceError', 'thirdId': '17081711474677700039', 'title': None}
2017-08-25 17:35:06,997 - INFO - mailServerStudy.py - sendEmail - 181 - {'appId': 'INVOICE', 'attachment': None, 'bcc': None, 'cc': None, 'content': {'applicationId': '123456', 'applicationTime': '2017-08-01'}, 'emailTo': ['email2918@126.com'], 'templateId': 'invoiceError', 'thirdId': '17081711474677700039', 'title': None}
2017-08-25 17:35:08,304 - INFO - mailServerStudy.py - sendEmail - 181 - {'appId': 'INVOICE', 'attachment': None, 'bcc': None, 'cc': None, 'content': {'applicationId': '123456', 'applicationTime': '2017-08-01'}, 'emailTo': ['email2918@126.com'], 'templateId': 'invoiceError', 'thirdId': '17081711474677700039', 'title': None}
2017-08-28 11:01:04,602 - INFO - mailServerStudy.py - sendEmail - 181 - {'appId': 'INVOICE', 'attachment': [{'dealFileName': '电子发票.pdf', 'filePath': '/Users/zhengjun/project/PycharmProjects/mailServer/src/行程报销单.pdf'}], 'bcc': None, 'cc': None, 'content': None, 'emailTo': ['email2918@126.com', 'tylerwork@qq.com', 'yaping.li@altenchina.com'], 'templateId': 'invoice', 'thirdId': '17081711474677700039', 'title': None}
2017-08-28 11:01:04,665 - INFO - mailServerStudy.py - send_async_email - 94 - enter send_async_email
2017-08-28 11:01:04,711 - INFO - mailServerStudy.py - send_async_email - 134 - before send mail
2017-08-28 11:01:07,179 - INFO - mailServerStudy.py - send_async_email - 149 - email send success.
2017-08-28 11:01:07,180 - INFO - mailServerStudy.py - notifyBackend - 76 - enter notifyBackend.
2017-08-28 11:07:50,351 - INFO - mailServerStudy.py - sendEmail - 181 - {'appId': 'INVOICE', 'attachment': [{'dealFileName': '电子发票.pdf', 'filePath': '/Users/zhengjun/project/PycharmProjects/mailServer/src/行程报销单.pdf'}], 'bcc': None, 'cc': None, 'content': None, 'emailTo': ['email2918@126.com', 'tylerwork@qq.com', 'yaping.li@altenchina.com'], 'templateId': 'invoice', 'thirdId': '17081711474677700039', 'title': None}
2017-08-28 11:07:50,395 - INFO - mailServerStudy.py - send_async_email - 94 - enter send_async_email
2017-08-28 11:07:50,441 - INFO - mailServerStudy.py - send_async_email - 134 - before send mail
2017-08-28 11:07:51,328 - INFO - mailServerStudy.py - send_async_email - 149 - email send success.
2017-08-28 11:07:51,328 - INFO - mailServerStudy.py - notifyBackend - 76 - enter notifyBackend.
2017-08-28 11:24:48,257 - INFO - mailServerStudy.py - sendEmail - 181 - {'appId': 'INVOICE', 'attachment': [{'dealFileName': '电子发票.pdf', 'filePath': '/Users/zhengjun/project/PycharmProjects/mailServer/src/行程报销单.pdf'}], 'bcc': None, 'cc': None, 'content': None, 'emailTo': ['email2918@126.com', 'tylerwork@qq.com', 'yaping.li@altenchina.com'], 'templateId': 'invoice', 'thirdId': '17081711474677700039', 'title': None}
2017-08-28 11:24:48,300 - INFO - mailServerStudy.py - send_async_email - 94 - enter send_async_email
2017-08-28 11:24:48,344 - INFO - mailServerStudy.py - send_async_email - 134 - before send mail
2017-08-28 11:24:50,750 - INFO - mailServerStudy.py - send_async_email - 149 - email send success.
2017-08-28 11:24:50,750 - INFO - mailServerStudy.py - notifyBackend - 76 - enter notifyBackend.
2017-08-28 11:30:33,701 - INFO - mailServerStudy.py - sendEmail - 181 - {'appId': 'INVOICE', 'attachment': [{'dealFileName': '电子发票电子发票电子发票.pdf', 'filePath': '/Users/zhengjun/project/PycharmProjects/mailServer/src/行程报销单.pdf'}], 'bcc': None, 'cc': None, 'content': None, 'emailTo': ['email2918@126.com', 'tylerwork@qq.com', 'yaping.li@altenchina.com'], 'templateId': 'invoice', 'thirdId': '17081711474677700039', 'title': None}
2017-08-28 11:30:33,750 - INFO - mailServerStudy.py - send_async_email - 94 - enter send_async_email
2017-08-28 11:30:33,821 - INFO - mailServerStudy.py - send_async_email - 134 - before send mail
2017-08-28 11:30:42,773 - INFO - mailServerStudy.py - send_async_email - 141 - logger: exception raised
2017-08-28 11:30:42,781 - ERROR - mailServerStudy.py - send_async_email - 155 - email send exception.
Traceback (most recent call last):
  File "/Users/zhengjun/project/PycharmProjects/mailServerStudy/app/mailServerStudy.py", line 135, in send_async_email
    mail.send(msg)
  File "/Library/anaconda/envs/flaskPy3/lib/python3.6/site-packages/flask_mail.py", line 494, in send
    message.send(connection)
  File "/Library/anaconda/envs/flaskPy3/lib/python3.6/site-packages/flask_mail.py", line 429, in send
    connection.send(self)
  File "/Library/anaconda/envs/flaskPy3/lib/python3.6/site-packages/flask_mail.py", line 191, in send
    message.as_bytes() if PY3 else message.as_string(),
  File "/Library/anaconda/envs/flaskPy3/lib/python3.6/site-packages/flask_mail.py", line 387, in as_bytes
    return self._message().as_bytes()
  File "/Library/anaconda/envs/flaskPy3/lib/python3.6/email/message.py", line 178, in as_bytes
    g.flatten(self, unixfrom=unixfrom)
  File "/Library/anaconda/envs/flaskPy3/lib/python3.6/email/generator.py", line 116, in flatten
    self._write(msg)
  File "/Library/anaconda/envs/flaskPy3/lib/python3.6/email/generator.py", line 181, in _write
    self._dispatch(msg)
  File "/Library/anaconda/envs/flaskPy3/lib/python3.6/email/generator.py", line 214, in _dispatch
    meth(msg)
  File "/Library/anaconda/envs/flaskPy3/lib/python3.6/email/generator.py", line 272, in _handle_multipart
    g.flatten(part, unixfrom=False, linesep=self._NL)
  File "/Library/anaconda/envs/flaskPy3/lib/python3.6/email/generator.py", line 116, in flatten
    self._write(msg)
  File "/Library/anaconda/envs/flaskPy3/lib/python3.6/email/generator.py", line 195, in _write
    self._write_headers(msg)
  File "/Library/anaconda/envs/flaskPy3/lib/python3.6/email/generator.py", line 418, in _write_headers
    self._fp.write(self.policy.fold_binary(h, v))
  File "/Library/anaconda/envs/flaskPy3/lib/python3.6/email/policy.py", line 201, in fold_binary
    return folded.encode(charset, 'surrogateescape')
UnicodeEncodeError: 'ascii' codec can't encode characters in position 42-53: ordinal not in range(128)

During handling of the above exception, another exception occurred:

Traceback (most recent call last):
  File "/Users/zhengjun/project/PycharmProjects/mailServerStudy/app/mailServerStudy.py", line 142, in send_async_email
    print("error({0}): {1}".format(e1.errno, e1.strerror))
AttributeError: 'UnicodeEncodeError' object has no attribute 'errno'
2017-08-28 11:30:42,782 - INFO - mailServerStudy.py - send_async_email - 156 - logger: exception send tail
2017-08-28 11:30:42,782 - INFO - mailServerStudy.py - notifyBackend - 76 - enter notifyBackend.
2017-08-28 11:31:34,688 - INFO - mailServerStudy.py - <module> - 36 - email server start.
2017-08-28 11:31:35,004 - INFO - mailServerStudy.py - <module> - 36 - email server start.
2017-08-28 11:31:35,006 - INFO - mailServerStudy.py - <module> - 36 - email server start.
2017-08-28 11:31:35,695 - INFO - mailServerStudy.py - <module> - 36 - email server start.
2017-08-28 11:31:36,608 - INFO - mailServerStudy.py - <module> - 36 - email server start.
2017-08-28 11:31:36,652 - INFO - mailServerStudy.py - <module> - 36 - email server start.
2017-08-28 11:31:36,663 - INFO - mailServerStudy.py - <module> - 36 - email server start.
2017-08-28 11:31:36,664 - INFO - mailServerStudy.py - <module> - 36 - email server start.
2017-08-28 11:31:36,678 - INFO - mailServerStudy.py - <module> - 36 - email server start.
2017-08-28 11:31:36,689 - INFO - mailServerStudy.py - <module> - 36 - email server start.
2017-08-28 11:31:36,719 - INFO - mailServerStudy.py - <module> - 36 - email server start.
2017-08-28 11:31:36,777 - INFO - mailServerStudy.py - <module> - 36 - email server start.
2017-08-28 11:31:36,779 - INFO - mailServerStudy.py - <module> - 36 - email server start.
2017-08-28 11:31:36,787 - INFO - mailServerStudy.py - <module> - 36 - email server start.
2017-08-28 11:31:36,794 - INFO - mailServerStudy.py - <module> - 36 - email server start.
2017-08-28 11:31:36,835 - INFO - mailServerStudy.py - <module> - 36 - email server start.
2017-08-28 11:31:49,231 - INFO - mailServerStudy.py - <module> - 36 - email server start.
2017-08-28 11:32:12,806 - INFO - mailServerStudy.py - sendEmail - 182 - {'appId': 'INVOICE', 'attachment': [{'dealFileName': '电子发票电子发票电子发票.pdf', 'filePath': '/Users/zhengjun/project/PycharmProjects/mailServer/src/行程报销单.pdf'}], 'bcc': None, 'cc': None, 'content': None, 'emailTo': ['email2918@126.com', 'tylerwork@qq.com', 'yaping.li@altenchina.com'], 'templateId': 'invoice', 'thirdId': '17081711474677700039', 'title': None}
2017-08-28 11:32:12,853 - INFO - mailServerStudy.py - send_async_email - 94 - enter send_async_email
2017-08-28 11:32:12,898 - INFO - mailServerStudy.py - send_async_email - 134 - before send mail
2017-08-28 11:32:19,219 - INFO - mailServerStudy.py - send_async_email - 141 - logger: exception raised
2017-08-28 11:32:19,226 - ERROR - mailServerStudy.py - send_async_email - 155 - email send exception.
Traceback (most recent call last):
  File "/Users/zhengjun/project/PycharmProjects/mailServerStudy/app/mailServerStudy.py", line 135, in send_async_email
    app.logger.info('before send mail')
  File "/Library/anaconda/envs/flaskPy3/lib/python3.6/site-packages/flask_mail.py", line 494, in send
    message.send(connection)
  File "/Library/anaconda/envs/flaskPy3/lib/python3.6/site-packages/flask_mail.py", line 429, in send
    connection.send(self)
  File "/Library/anaconda/envs/flaskPy3/lib/python3.6/site-packages/flask_mail.py", line 191, in send
    message.as_bytes() if PY3 else message.as_string(),
  File "/Library/anaconda/envs/flaskPy3/lib/python3.6/site-packages/flask_mail.py", line 387, in as_bytes
    return self._message().as_bytes()
  File "/Library/anaconda/envs/flaskPy3/lib/python3.6/email/message.py", line 178, in as_bytes
    g.flatten(self, unixfrom=unixfrom)
  File "/Library/anaconda/envs/flaskPy3/lib/python3.6/email/generator.py", line 116, in flatten
    self._write(msg)
  File "/Library/anaconda/envs/flaskPy3/lib/python3.6/email/generator.py", line 181, in _write
    self._dispatch(msg)
  File "/Library/anaconda/envs/flaskPy3/lib/python3.6/email/generator.py", line 214, in _dispatch
    meth(msg)
  File "/Library/anaconda/envs/flaskPy3/lib/python3.6/email/generator.py", line 272, in _handle_multipart
    g.flatten(part, unixfrom=False, linesep=self._NL)
  File "/Library/anaconda/envs/flaskPy3/lib/python3.6/email/generator.py", line 116, in flatten
    self._write(msg)
  File "/Library/anaconda/envs/flaskPy3/lib/python3.6/email/generator.py", line 195, in _write
    self._write_headers(msg)
  File "/Library/anaconda/envs/flaskPy3/lib/python3.6/email/generator.py", line 418, in _write_headers
    self._fp.write(self.policy.fold_binary(h, v))
  File "/Library/anaconda/envs/flaskPy3/lib/python3.6/email/policy.py", line 201, in fold_binary
    return folded.encode(charset, 'surrogateescape')
UnicodeEncodeError: 'ascii' codec can't encode characters in position 42-53: ordinal not in range(128)

During handling of the above exception, another exception occurred:

Traceback (most recent call last):
  File "/Users/zhengjun/project/PycharmProjects/mailServerStudy/app/mailServerStudy.py", line 142, in send_async_email
    app.logger.info('logger: exception raised')
AttributeError: 'UnicodeEncodeError' object has no attribute 'errno'
2017-08-28 11:32:19,228 - INFO - mailServerStudy.py - send_async_email - 156 - logger: exception send tail
2017-08-28 11:32:19,228 - INFO - mailServerStudy.py - notifyBackend - 76 - enter notifyBackend.
2017-08-28 11:33:19,826 - INFO - mailServerStudy.py - <module> - 36 - email server start.
2017-08-28 11:33:20,202 - INFO - mailServerStudy.py - <module> - 36 - email server start.
2017-08-28 11:33:20,538 - INFO - mailServerStudy.py - <module> - 36 - email server start.
2017-08-28 11:33:20,626 - INFO - mailServerStudy.py - <module> - 36 - email server start.
2017-08-28 11:33:21,204 - INFO - mailServerStudy.py - <module> - 36 - email server start.
2017-08-28 11:33:22,452 - INFO - mailServerStudy.py - <module> - 36 - email server start.
2017-08-28 11:33:22,505 - INFO - mailServerStudy.py - <module> - 36 - email server start.
2017-08-28 11:33:22,505 - INFO - mailServerStudy.py - <module> - 36 - email server start.
2017-08-28 11:33:22,512 - INFO - mailServerStudy.py - <module> - 36 - email server start.
2017-08-28 11:33:22,564 - INFO - mailServerStudy.py - <module> - 36 - email server start.
2017-08-28 11:33:22,616 - INFO - mailServerStudy.py - <module> - 36 - email server start.
2017-08-28 11:33:28,706 - INFO - mailServerStudy.py - <module> - 36 - email server start.
2017-08-28 11:33:28,712 - INFO - mailServerStudy.py - <module> - 36 - email server start.
2017-08-28 11:33:28,720 - INFO - mailServerStudy.py - <module> - 36 - email server start.
2017-08-28 11:33:28,724 - INFO - mailServerStudy.py - <module> - 36 - email server start.
2017-08-28 11:33:28,728 - INFO - mailServerStudy.py - <module> - 36 - email server start.
2017-08-28 11:33:28,766 - INFO - mailServerStudy.py - <module> - 36 - email server start.
2017-08-28 11:33:42,637 - INFO - mailServerStudy.py - sendEmail - 182 - {'appId': 'INVOICE', 'attachment': [{'dealFileName': '电子发票电子发票电子发票.pdf', 'filePath': '/Users/zhengjun/project/PycharmProjects/mailServer/src/行程报销单.pdf'}], 'bcc': None, 'cc': None, 'content': None, 'emailTo': ['email2918@126.com', 'tylerwork@qq.com', 'yaping.li@altenchina.com'], 'templateId': 'invoice', 'thirdId': '17081711474677700039', 'title': None}
2017-08-28 11:33:42,679 - INFO - mailServerStudy.py - send_async_email - 94 - enter send_async_email
2017-08-28 11:33:42,722 - INFO - mailServerStudy.py - send_async_email - 134 - before send mail
2017-08-28 11:33:49,727 - INFO - mailServerStudy.py - send_async_email - 141 - logger: exception raised
2017-08-28 11:33:49,733 - ERROR - mailServerStudy.py - send_async_email - 155 - email send exception.
Traceback (most recent call last):
  File "/Users/zhengjun/project/PycharmProjects/mailServerStudy/app/mailServerStudy.py", line 135, in send_async_email
    app.logger.info('before send mail')
  File "/Library/anaconda/envs/flaskPy3/lib/python3.6/site-packages/flask_mail.py", line 494, in send
    message.send(connection)
  File "/Library/anaconda/envs/flaskPy3/lib/python3.6/site-packages/flask_mail.py", line 429, in send
    connection.send(self)
  File "/Library/anaconda/envs/flaskPy3/lib/python3.6/site-packages/flask_mail.py", line 191, in send
    message.as_bytes() if PY3 else message.as_string(),
  File "/Library/anaconda/envs/flaskPy3/lib/python3.6/site-packages/flask_mail.py", line 387, in as_bytes
    return self._message().as_bytes()
  File "/Library/anaconda/envs/flaskPy3/lib/python3.6/email/message.py", line 178, in as_bytes
    g.flatten(self, unixfrom=unixfrom)
  File "/Library/anaconda/envs/flaskPy3/lib/python3.6/email/generator.py", line 116, in flatten
    self._write(msg)
  File "/Library/anaconda/envs/flaskPy3/lib/python3.6/email/generator.py", line 181, in _write
    self._dispatch(msg)
  File "/Library/anaconda/envs/flaskPy3/lib/python3.6/email/generator.py", line 214, in _dispatch
    meth(msg)
  File "/Library/anaconda/envs/flaskPy3/lib/python3.6/email/generator.py", line 272, in _handle_multipart
    g.flatten(part, unixfrom=False, linesep=self._NL)
  File "/Library/anaconda/envs/flaskPy3/lib/python3.6/email/generator.py", line 116, in flatten
    self._write(msg)
  File "/Library/anaconda/envs/flaskPy3/lib/python3.6/email/generator.py", line 195, in _write
    self._write_headers(msg)
  File "/Library/anaconda/envs/flaskPy3/lib/python3.6/email/generator.py", line 418, in _write_headers
    self._fp.write(self.policy.fold_binary(h, v))
  File "/Library/anaconda/envs/flaskPy3/lib/python3.6/email/policy.py", line 201, in fold_binary
    return folded.encode(charset, 'surrogateescape')
UnicodeEncodeError: 'ascii' codec can't encode characters in position 42-53: ordinal not in range(128)

During handling of the above exception, another exception occurred:

Traceback (most recent call last):
  File "/Users/zhengjun/project/PycharmProjects/mailServerStudy/app/mailServerStudy.py", line 142, in send_async_email
    app.logger.info('logger: exception raised')
AttributeError: 'UnicodeEncodeError' object has no attribute 'errno'
2017-08-28 11:33:49,734 - INFO - mailServerStudy.py - send_async_email - 156 - logger: exception send tail
2017-08-28 11:33:49,734 - INFO - mailServerStudy.py - notifyBackend - 76 - enter notifyBackend.
2017-08-28 11:35:53,597 - INFO - mailServerStudy.py - <module> - 36 - email server start.
2017-08-28 11:35:53,924 - INFO - mailServerStudy.py - <module> - 36 - email server start.
2017-08-28 11:35:54,108 - INFO - mailServerStudy.py - <module> - 36 - email server start.
2017-08-28 11:35:54,284 - INFO - mailServerStudy.py - <module> - 36 - email server start.
2017-08-28 11:35:54,477 - INFO - mailServerStudy.py - <module> - 36 - email server start.
2017-08-28 11:35:54,487 - INFO - mailServerStudy.py - <module> - 36 - email server start.
2017-08-28 11:35:54,489 - INFO - mailServerStudy.py - <module> - 36 - email server start.
2017-08-28 11:35:54,564 - INFO - mailServerStudy.py - <module> - 36 - email server start.
2017-08-28 11:35:54,595 - INFO - mailServerStudy.py - <module> - 36 - email server start.
2017-08-28 11:35:54,625 - INFO - mailServerStudy.py - <module> - 36 - email server start.
2017-08-28 11:35:54,640 - INFO - mailServerStudy.py - <module> - 36 - email server start.
2017-08-28 11:35:54,687 - INFO - mailServerStudy.py - <module> - 36 - email server start.
2017-08-28 11:35:54,691 - INFO - mailServerStudy.py - <module> - 36 - email server start.
2017-08-28 11:35:54,724 - INFO - mailServerStudy.py - <module> - 36 - email server start.
2017-08-28 11:35:54,751 - INFO - mailServerStudy.py - <module> - 36 - email server start.
2017-08-28 11:35:54,769 - INFO - mailServerStudy.py - <module> - 36 - email server start.
2017-08-28 11:35:54,798 - INFO - mailServerStudy.py - <module> - 36 - email server start.
2017-08-28 11:35:54,800 - INFO - mailServerStudy.py - <module> - 36 - email server start.
2017-08-28 11:36:42,738 - INFO - mailServerStudy.py - sendEmail - 182 - {'appId': 'INVOICE', 'attachment': [{'dealFileName': '电子发票电子发票.pdf', 'filePath': '/Users/zhengjun/project/PycharmProjects/mailServer/src/行程报销单.pdf'}], 'bcc': None, 'cc': None, 'content': None, 'emailTo': ['email2918@126.com', 'tylerwork@qq.com', 'yaping.li@altenchina.com'], 'templateId': 'invoice', 'thirdId': '17081711474677700039', 'title': None}
2017-08-28 11:36:42,789 - INFO - mailServerStudy.py - send_async_email - 95 - enter send_async_email
2017-08-28 11:36:42,836 - INFO - mailServerStudy.py - send_async_email - 135 - before send mail
2017-08-28 11:36:52,941 - INFO - mailServerStudy.py - send_async_email - 150 - email send success.
2017-08-28 11:36:52,941 - INFO - mailServerStudy.py - notifyBackend - 77 - enter notifyBackend.
2017-08-28 11:38:06,372 - INFO - mailServerStudy.py - sendEmail - 182 - {'appId': 'INVOICE', 'attachment': [{'dealFileName': '电子发票电子发票.pdf', 'filePath': '/Users/zhengjun/project/PycharmProjects/mailServer/src/行程报销单.pdf'}], 'bcc': None, 'cc': None, 'content': None, 'emailTo': ['email2918@126.com', 'tylerwork@qq.com', 'yaping.li@altenchina.com'], 'templateId': 'invoice', 'thirdId': '17081711474677700039', 'title': None}
2017-08-28 11:38:06,411 - INFO - mailServerStudy.py - send_async_email - 95 - enter send_async_email
2017-08-28 11:38:06,449 - INFO - mailServerStudy.py - send_async_email - 135 - before send mail
2017-08-28 11:38:18,306 - INFO - mailServerStudy.py - send_async_email - 150 - email send success.
2017-08-28 11:38:18,306 - INFO - mailServerStudy.py - notifyBackend - 77 - enter notifyBackend.
2017-08-28 11:42:07,097 - INFO - mailServerStudy.py - <module> - 36 - email server start.
2017-08-28 11:42:13,397 - INFO - mailServerStudy.py - <module> - 36 - email server start.
2017-08-28 11:42:13,787 - INFO - mailServerStudy.py - <module> - 36 - email server start.
2017-08-28 14:23:19,746 - INFO - mailServerStudy.py - sendEmail - 182 - {'appId': 'INVOICE', 'attachment': [{'dealFileName': '电子发票电子发票.pdf', 'filePath': '/Users/zhengjun/project/PycharmProjects/mailServer/src/行程报销单.pdf'}], 'bcc': None, 'cc': None, 'content': None, 'emailTo': ['email2918@126.com', 'tylerwork@qq.com', 'yaping.li@altenchina.com'], 'templateId': 'invoice', 'thirdId': '17081711474677700039', 'title': None}
2017-08-28 14:23:19,821 - INFO - mailServerStudy.py - send_async_email - 95 - enter send_async_email
2017-08-28 14:23:19,870 - INFO - mailServerStudy.py - send_async_email - 135 - before send mail
2017-08-28 14:23:21,917 - INFO - mailServerStudy.py - send_async_email - 150 - email send success.
2017-08-28 14:23:21,917 - INFO - mailServerStudy.py - notifyBackend - 77 - enter notifyBackend.
2017-08-28 14:29:50,550 - INFO - mailServerStudy.py - <module> - 36 - email server start.
2017-08-28 14:29:55,790 - INFO - mailServerStudy.py - <module> - 36 - email server start.
2017-08-28 14:30:08,207 - INFO - mailServerStudy.py - sendEmail - 182 - {'appId': 'INVOICE', 'attachment': [{'dealFileName': '电子发票电子发票.pdf', 'filePath': '/Users/zhengjun/project/PycharmProjects/mailServer/src/行程报销单.pdf'}], 'bcc': None, 'cc': None, 'content': None, 'emailTo': ['email2918@126.com', 'tylerwork@qq.com', 'yaping.li@altenchina.com'], 'templateId': 'invoice', 'thirdId': '17081711474677700039', 'title': None}
2017-08-28 14:30:08,259 - INFO - mailServerStudy.py - send_async_email - 95 - enter send_async_email
2017-08-28 14:30:08,297 - INFO - mailServerStudy.py - send_async_email - 135 - before send mail
2017-08-28 14:30:09,839 - INFO - mailServerStudy.py - send_async_email - 150 - email send success.
2017-08-28 14:30:09,839 - INFO - mailServerStudy.py - notifyBackend - 77 - enter notifyBackend.
